{
  "metadata": {
    "timestamp": "2025-05-25T13:57:40Z",
    "commit_sha": "0df51236db2362c6229801ff9a8a48d68cabc54d",
    "event_name": "pull_request",
    "ref": "refs/pull/8/merge",
    "runner_os": "macOS",
    "runner_arch": "ARM64"
  },
  "results": {
    "tests": {
      "exit_code": 1,
      "passed": false
    },
    "ios_build": {
      "exit_code": 0,
      "passed": true
    }
  },
  "artifacts": {
    "chrome_extension": true,
    "ios_ipa": true
  },
  "environment": {
    "node_version": "v18.20.8",
    "npm_version": "10.8.2",
    "xcode_version": "16.2",
    "os_version": "14.7.5",
    "available_disk_space": "unknown"
  },
  "logs": {
    "test_log": {
      "size_lines": 19,
      "excerpt": [
        "",
        "> bar123-history-sync-extension@1.0.0 test",
        "> node test/cross-platform-sync-test.js",
        "",
        "üß™ Starting multiplatform sync validation tests...",
        "üß™ Testing Chrome extension exists...",
        "‚úÖ Chrome Extension Structure: PASSED",
        "üß™ Testing Safari extension enhancement...",
        "‚úÖ Safari Extension Enhancement: PASSED",
        "üß™ Testing package.json updates...",
        "‚úÖ Package JSON Updates: PASSED",
        "üß™ Testing GitHub workflows...",
        "‚ùå GitHub Workflows: FAILED",
        "üíæ Results saved to test-results/sync/test-results.json",
        "",
        "üìä Test Summary:",
        "   Total: 4",
        "   Passed: 3",
        "   Failed: 1"
      ]
    },
    "ios_build_log": {
      "size_lines": 556,
      "excerpt": [
        "Touch /Users/runner/Library/Developer/Xcode/DerivedData/bar123-gckerolndpjqrlettcgczolbtiin/Build/Intermediates.noindex/ArchiveIntermediates/bar123/InstallationBuildProductsLocation/Applications/bar123.app (in target 'bar123' from project 'bar123')",
        "    cd /Users/runner/work/bar123/bar123",
        "    /usr/bin/touch -c /Users/runner/Library/Developer/Xcode/DerivedData/bar123-gckerolndpjqrlettcgczolbtiin/Build/Intermediates.noindex/ArchiveIntermediates/bar123/InstallationBuildProductsLocation/Applications/bar123.app",
        "",
        "note: Disabling previews because SWIFT_VERSION is set and SWIFT_OPTIMIZATION_LEVEL=-O, expected -Onone (in target 'bar123' from project 'bar123')",
        "note: Disabling previews because SWIFT_VERSION is set and SWIFT_OPTIMIZATION_LEVEL=-O, expected -Onone (in target 'bar123 Extension' from project 'bar123')",
        "** ARCHIVE SUCCEEDED **",
        "",
        "Archive build complete.",
        "Creating export options plist...",
        "Export options created at: /Users/runner/work/_temp/build/ExportOptions.plist",
        "Exporting IPA...",
        "2025-05-25 13:57:40.071 xcodebuild[3659:18821] [MT] IDEDistribution: -[IDEDistributionLogging _createLoggingBundleAtPath:]: Created bundle at path \"/var/folders/w5/_8wgjw3j5cg6mgrth3s2kg9m0000gn/T/bar123_2025-05-25_13-57-40.069.xcdistributionlogs\".",
        "Exported bar123 to: /Users/runner/work/_temp/build",
        "** EXPORT SUCCEEDED **",
        "",
        "IPA export complete: /Users/runner/work/_temp/build/bar123.ipa",
        "Build process completed successfully!",
        "Cleaning up...",
        "Cleanup complete."
      ]
    }
  },
  "error_analysis": [
    {
      "type": "test_failure",
      "exit_code": 1,
      "log_file": "test-output.log",
      "error_patterns": [
        "‚ùå GitHub Workflows: FAILED",
        "   Failed: 1"
      ],
      "suggested_actions": [
        "Review test logs for specific failure points",
        "Check for dependency issues",
        "Verify test environment setup"
      ]
    }
  ]
}
